<?xml version="1.0" encoding="UTF-8"?>
<testsuite xmlns:xsi="http://www.w3.org/2001/XMLSchema-instance" xsi:noNamespaceSchemaLocation="https://maven.apache.org/surefire/maven-surefire-plugin/xsd/surefire-test-report.xsd" name="com.BillsToCoins.service.BillsToCoinsServiceTest" time="0.097" tests="1" errors="0" skipped="0" failures="1">
  <properties>
[...]
</properties>
  <testcase name="testMostAmountOfCoinsForBillAmountOne" classname="com.BillsToCoins.service.BillsToCoinsServiceTest" time="0.094">
    <failure message="expected: &lt;100&gt; but was: &lt;0&gt;" type="org.opentest4j.AssertionFailedError"><![CDATA[org.opentest4j.AssertionFailedError: expected: <100> but was: <0>
	at com.BillsToCoins.service.BillsToCoinsServiceTest.testMostAmountOfCoinsForBillAmountOne(BillsToCoinsServiceTest.java:32)
]]></failure>
    <system-out><![CDATA[23:38:10.409 [main] INFO com.BillsToCoins.service.BillsToCoinsService - Bill Amount:  com.BillsToCoins.Entity.Bill@5e57643e Cents Required:  100 Cents in System:  10800
23:38:10.411 [main] INFO com.BillsToCoins.service.BillsToCoinsService -  ThirtyFour = 0  Quarters Left in System:  100
23:38:10.411 [main] INFO com.BillsToCoins.service.BillsToCoinsService -  ThirtyThree = 0  Quarters Left in System:  100
23:38:10.412 [main] INFO com.BillsToCoins.service.BillsToCoinsService -  Quarters = 0  Quarters Left in System:  100
23:38:10.412 [main] INFO com.BillsToCoins.service.BillsToCoinsService -  Dimes    = 0  Dimes Left in System:  100
23:38:10.412 [main] INFO com.BillsToCoins.service.BillsToCoinsService -  Nickels  = 0  Nickels Left in System:  100
23:38:10.412 [main] INFO com.BillsToCoins.service.BillsToCoinsService -  Pennies  = 0  Pennies Left in System:  100
]]></system-out>
  </testcase>
</testsuite>